<?xml version="1.0" encoding="UTF-8"?>
<testsuite xmlns:xsi="http://www.w3.org/2001/XMLSchema-instance" xsi:noNamespaceSchemaLocation="https://maven.apache.org/surefire/maven-surefire-plugin/xsd/surefire-test-report.xsd" name="com.AppTest" time="0.017" tests="1" errors="0" skipped="0" failures="0">
  <properties>
    <property name="socksProxyHost" value="127.0.0.1"/>
    <property name="http.proxyHost" value="127.0.0.1"/>
    <property name="java.specification.version" value="21"/>
    <property name="sun.jnu.encoding" value="UTF-8"/>
    <property name="java.class.path" value="/Users/gaojinlong/ThisMac/coding/java/sping-boot/dmybatis-spring-boot-configure/target/test-classes:/Users/gaojinlong/ThisMac/coding/java/sping-boot/dmybatis-spring-boot-configure/target/classes:/Users/gaojinlong/.m2/repository/junit/junit/4.11/junit-4.11.jar:/Users/gaojinlong/.m2/repository/org/hamcrest/hamcrest-core/1.3/hamcrest-core-1.3.jar:/Users/gaojinlong/.m2/repository/org/springframework/boot/spring-boot-starter/3.1.2/spring-boot-starter-3.1.2.jar:/Users/gaojinlong/.m2/repository/org/springframework/boot/spring-boot/3.1.2/spring-boot-3.1.2.jar:/Users/gaojinlong/.m2/repository/org/springframework/spring-context/6.0.11/spring-context-6.0.11.jar:/Users/gaojinlong/.m2/repository/org/springframework/spring-aop/6.0.11/spring-aop-6.0.11.jar:/Users/gaojinlong/.m2/repository/org/springframework/spring-expression/6.0.11/spring-expression-6.0.11.jar:/Users/gaojinlong/.m2/repository/org/springframework/boot/spring-boot-autoconfigure/3.1.2/spring-boot-autoconfigure-3.1.2.jar:/Users/gaojinlong/.m2/repository/org/springframework/boot/spring-boot-starter-logging/3.1.2/spring-boot-starter-logging-3.1.2.jar:/Users/gaojinlong/.m2/repository/ch/qos/logback/logback-classic/1.4.8/logback-classic-1.4.8.jar:/Users/gaojinlong/.m2/repository/ch/qos/logback/logback-core/1.4.8/logback-core-1.4.8.jar:/Users/gaojinlong/.m2/repository/org/apache/logging/log4j/log4j-to-slf4j/2.20.0/log4j-to-slf4j-2.20.0.jar:/Users/gaojinlong/.m2/repository/org/apache/logging/log4j/log4j-api/2.20.0/log4j-api-2.20.0.jar:/Users/gaojinlong/.m2/repository/org/slf4j/jul-to-slf4j/2.0.7/jul-to-slf4j-2.0.7.jar:/Users/gaojinlong/.m2/repository/jakarta/annotation/jakarta.annotation-api/2.1.1/jakarta.annotation-api-2.1.1.jar:/Users/gaojinlong/.m2/repository/org/springframework/spring-core/6.0.11/spring-core-6.0.11.jar:/Users/gaojinlong/.m2/repository/org/springframework/spring-jcl/6.0.11/spring-jcl-6.0.11.jar:/Users/gaojinlong/.m2/repository/org/yaml/snakeyaml/1.33/snakeyaml-1.33.jar:/Users/gaojinlong/.m2/repository/org/springframework/boot/spring-boot-starter-data-jdbc/3.0.0/spring-boot-starter-data-jdbc-3.0.0.jar:/Users/gaojinlong/.m2/repository/org/springframework/boot/spring-boot-starter-jdbc/3.0.0/spring-boot-starter-jdbc-3.0.0.jar:/Users/gaojinlong/.m2/repository/com/zaxxer/HikariCP/5.0.1/HikariCP-5.0.1.jar:/Users/gaojinlong/.m2/repository/org/springframework/spring-jdbc/6.0.2/spring-jdbc-6.0.2.jar:/Users/gaojinlong/.m2/repository/org/springframework/data/spring-data-jdbc/3.0.0/spring-data-jdbc-3.0.0.jar:/Users/gaojinlong/.m2/repository/org/springframework/data/spring-data-relational/3.0.0/spring-data-relational-3.0.0.jar:/Users/gaojinlong/.m2/repository/org/springframework/data/spring-data-commons/3.0.0/spring-data-commons-3.0.0.jar:/Users/gaojinlong/.m2/repository/org/springframework/spring-tx/6.0.0/spring-tx-6.0.0.jar:/Users/gaojinlong/.m2/repository/org/springframework/spring-beans/6.0.0/spring-beans-6.0.0.jar:/Users/gaojinlong/.m2/repository/org/slf4j/slf4j-api/2.0.2/slf4j-api-2.0.2.jar:/Users/gaojinlong/.m2/repository/org/mybatis/mybatis/3.5.13/mybatis-3.5.13.jar:/Users/gaojinlong/.m2/repository/org/mybatis/mybatis-spring/3.0.0/mybatis-spring-3.0.0.jar:"/>
    <property name="https.proxyPort" value="7890"/>
    <property name="java.vm.vendor" value="Homebrew"/>
    <property name="sun.arch.data.model" value="64"/>
    <property name="java.vendor.url" value="https://github.com/Homebrew/homebrew-core/issues"/>
    <property name="os.name" value="Mac OS X"/>
    <property name="java.vm.specification.version" value="21"/>
    <property name="sun.java.launcher" value="SUN_STANDARD"/>
    <property name="user.country" value="CN"/>
    <property name="sun.boot.library.path" value="/opt/homebrew/Cellar/openjdk/21.0.1/libexec/openjdk.jdk/Contents/Home/lib"/>
    <property name="sun.java.command" value="/Users/gaojinlong/ThisMac/coding/java/sping-boot/dmybatis-spring-boot-configure/target/surefire/surefirebooter13689866662165225112.jar /Users/gaojinlong/ThisMac/coding/java/sping-boot/dmybatis-spring-boot-configure/target/surefire 2024-01-07T23-31-23_812-jvmRun1 surefire4469121841518210255tmp surefire_016313246288399950144tmp"/>
    <property name="http.nonProxyHosts" value="192.168.0.0/16|*.192.168.0.0/16|10.0.0.0/8|*.10.0.0.0/8|172.16.0.0/12|*.172.16.0.0/12|127.0.0.1|localhost|*.localhost|local|*.local|timestamp.apple.com|*.timestamp.apple.com|sequoia.apple.com|*.sequoia.apple.com|seed-sequoia.siri.apple.com|*.seed-sequoia.siri.apple.com"/>
    <property name="jdk.debug" value="release"/>
    <property name="surefire.test.class.path" value="/Users/gaojinlong/ThisMac/coding/java/sping-boot/dmybatis-spring-boot-configure/target/test-classes:/Users/gaojinlong/ThisMac/coding/java/sping-boot/dmybatis-spring-boot-configure/target/classes:/Users/gaojinlong/.m2/repository/junit/junit/4.11/junit-4.11.jar:/Users/gaojinlong/.m2/repository/org/hamcrest/hamcrest-core/1.3/hamcrest-core-1.3.jar:/Users/gaojinlong/.m2/repository/org/springframework/boot/spring-boot-starter/3.1.2/spring-boot-starter-3.1.2.jar:/Users/gaojinlong/.m2/repository/org/springframework/boot/spring-boot/3.1.2/spring-boot-3.1.2.jar:/Users/gaojinlong/.m2/repository/org/springframework/spring-context/6.0.11/spring-context-6.0.11.jar:/Users/gaojinlong/.m2/repository/org/springframework/spring-aop/6.0.11/spring-aop-6.0.11.jar:/Users/gaojinlong/.m2/repository/org/springframework/spring-expression/6.0.11/spring-expression-6.0.11.jar:/Users/gaojinlong/.m2/repository/org/springframework/boot/spring-boot-autoconfigure/3.1.2/spring-boot-autoconfigure-3.1.2.jar:/Users/gaojinlong/.m2/repository/org/springframework/boot/spring-boot-starter-logging/3.1.2/spring-boot-starter-logging-3.1.2.jar:/Users/gaojinlong/.m2/repository/ch/qos/logback/logback-classic/1.4.8/logback-classic-1.4.8.jar:/Users/gaojinlong/.m2/repository/ch/qos/logback/logback-core/1.4.8/logback-core-1.4.8.jar:/Users/gaojinlong/.m2/repository/org/apache/logging/log4j/log4j-to-slf4j/2.20.0/log4j-to-slf4j-2.20.0.jar:/Users/gaojinlong/.m2/repository/org/apache/logging/log4j/log4j-api/2.20.0/log4j-api-2.20.0.jar:/Users/gaojinlong/.m2/repository/org/slf4j/jul-to-slf4j/2.0.7/jul-to-slf4j-2.0.7.jar:/Users/gaojinlong/.m2/repository/jakarta/annotation/jakarta.annotation-api/2.1.1/jakarta.annotation-api-2.1.1.jar:/Users/gaojinlong/.m2/repository/org/springframework/spring-core/6.0.11/spring-core-6.0.11.jar:/Users/gaojinlong/.m2/repository/org/springframework/spring-jcl/6.0.11/spring-jcl-6.0.11.jar:/Users/gaojinlong/.m2/repository/org/yaml/snakeyaml/1.33/snakeyaml-1.33.jar:/Users/gaojinlong/.m2/repository/org/springframework/boot/spring-boot-starter-data-jdbc/3.0.0/spring-boot-starter-data-jdbc-3.0.0.jar:/Users/gaojinlong/.m2/repository/org/springframework/boot/spring-boot-starter-jdbc/3.0.0/spring-boot-starter-jdbc-3.0.0.jar:/Users/gaojinlong/.m2/repository/com/zaxxer/HikariCP/5.0.1/HikariCP-5.0.1.jar:/Users/gaojinlong/.m2/repository/org/springframework/spring-jdbc/6.0.2/spring-jdbc-6.0.2.jar:/Users/gaojinlong/.m2/repository/org/springframework/data/spring-data-jdbc/3.0.0/spring-data-jdbc-3.0.0.jar:/Users/gaojinlong/.m2/repository/org/springframework/data/spring-data-relational/3.0.0/spring-data-relational-3.0.0.jar:/Users/gaojinlong/.m2/repository/org/springframework/data/spring-data-commons/3.0.0/spring-data-commons-3.0.0.jar:/Users/gaojinlong/.m2/repository/org/springframework/spring-tx/6.0.0/spring-tx-6.0.0.jar:/Users/gaojinlong/.m2/repository/org/springframework/spring-beans/6.0.0/spring-beans-6.0.0.jar:/Users/gaojinlong/.m2/repository/org/slf4j/slf4j-api/2.0.2/slf4j-api-2.0.2.jar:/Users/gaojinlong/.m2/repository/org/mybatis/mybatis/3.5.13/mybatis-3.5.13.jar:/Users/gaojinlong/.m2/repository/org/mybatis/mybatis-spring/3.0.0/mybatis-spring-3.0.0.jar:"/>
    <property name="sun.cpu.endian" value="little"/>
    <property name="user.home" value="/Users/gaojinlong"/>
    <property name="user.language" value="zh"/>
    <property name="java.specification.vendor" value="Oracle Corporation"/>
    <property name="java.version.date" value="2023-10-17"/>
    <property name="java.home" value="/opt/homebrew/Cellar/openjdk/21.0.1/libexec/openjdk.jdk/Contents/Home"/>
    <property name="file.separator" value="/"/>
    <property name="https.proxyHost" value="127.0.0.1"/>
    <property name="basedir" value="/Users/gaojinlong/ThisMac/coding/java/sping-boot/dmybatis-spring-boot-configure"/>
    <property name="java.vm.compressedOopsMode" value="Zero based"/>
    <property name="line.separator" value="&#10;"/>
    <property name="java.vm.specification.vendor" value="Oracle Corporation"/>
    <property name="java.specification.name" value="Java Platform API Specification"/>
    <property name="apple.awt.application.name" value="ForkedBooter"/>
    <property name="surefire.real.class.path" value="/Users/gaojinlong/ThisMac/coding/java/sping-boot/dmybatis-spring-boot-configure/target/surefire/surefirebooter13689866662165225112.jar"/>
    <property name="user.script" value="Hans"/>
    <property name="sun.management.compiler" value="HotSpot 64-Bit Tiered Compilers"/>
    <property name="ftp.nonProxyHosts" value="192.168.0.0/16|*.192.168.0.0/16|10.0.0.0/8|*.10.0.0.0/8|172.16.0.0/12|*.172.16.0.0/12|127.0.0.1|localhost|*.localhost|local|*.local|timestamp.apple.com|*.timestamp.apple.com|sequoia.apple.com|*.sequoia.apple.com|seed-sequoia.siri.apple.com|*.seed-sequoia.siri.apple.com"/>
    <property name="java.runtime.version" value="21.0.1"/>
    <property name="user.name" value="gaojinlong"/>
    <property name="stdout.encoding" value="UTF-8"/>
    <property name="path.separator" value=":"/>
    <property name="os.version" value="14.2.1"/>
    <property name="java.runtime.name" value="OpenJDK Runtime Environment"/>
    <property name="file.encoding" value="UTF-8"/>
    <property name="java.vm.name" value="OpenJDK 64-Bit Server VM"/>
    <property name="java.vendor.version" value="Homebrew"/>
    <property name="localRepository" value="/Users/gaojinlong/.m2/repository"/>
    <property name="java.vendor.url.bug" value="https://github.com/Homebrew/homebrew-core/issues"/>
    <property name="java.io.tmpdir" value="/var/folders/vy/zwh5bt6d56lfyq9ztyl4m22r0000gn/T/"/>
    <property name="java.version" value="21.0.1"/>
    <property name="user.dir" value="/Users/gaojinlong/ThisMac/coding/java/sping-boot/dmybatis-spring-boot-configure"/>
    <property name="os.arch" value="aarch64"/>
    <property name="socksProxyPort" value="7890"/>
    <property name="java.vm.specification.name" value="Java Virtual Machine Specification"/>
    <property name="native.encoding" value="UTF-8"/>
    <property name="java.library.path" value="/Users/gaojinlong/Library/Java/Extensions:/Library/Java/Extensions:/Network/Library/Java/Extensions:/System/Library/Java/Extensions:/usr/lib/java:."/>
    <property name="java.vm.info" value="mixed mode, sharing"/>
    <property name="stderr.encoding" value="UTF-8"/>
    <property name="java.vendor" value="Homebrew"/>
    <property name="java.vm.version" value="21.0.1"/>
    <property name="sun.io.unicode.encoding" value="UnicodeBig"/>
    <property name="socksNonProxyHosts" value="192.168.0.0/16|*.192.168.0.0/16|10.0.0.0/8|*.10.0.0.0/8|172.16.0.0/12|*.172.16.0.0/12|127.0.0.1|localhost|*.localhost|local|*.local|timestamp.apple.com|*.timestamp.apple.com|sequoia.apple.com|*.sequoia.apple.com|seed-sequoia.siri.apple.com|*.seed-sequoia.siri.apple.com"/>
    <property name="java.class.version" value="65.0"/>
    <property name="http.proxyPort" value="7890"/>
  </properties>
  <testcase name="shouldAnswerWithTrue" classname="com.AppTest" time="0.002"/>
</testsuite>